<?xml version="1.0" encoding="UTF-8"?>
<coverage generated="1769411513467" clover="3.2.0">
  <project timestamp="1769411513467" name="All files">
    <metrics statements="33" coveredstatements="32" conditionals="15" coveredconditionals="12" methods="5" coveredmethods="4" elements="53" coveredelements="48" complexity="0" loc="33" ncloc="33" packages="2" files="2" classes="2"/>
    <package name="hooks.auth">
      <metrics statements="28" coveredstatements="28" conditionals="15" coveredconditionals="12" methods="4" coveredmethods="4"/>
      <file name="use-login-logic.ts" path="/Users/yang-yungi/Desktop/yungiy/AssetMind/apps/web/src/hooks/auth/use-login-logic.ts">
        <metrics statements="28" coveredstatements="28" conditionals="15" coveredconditionals="12" methods="4" coveredmethods="4"/>
        <line num="1" count="1" type="stmt"/>
        <line num="2" count="1" type="stmt"/>
        <line num="3" count="1" type="stmt"/>
        <line num="4" count="1" type="stmt"/>
        <line num="5" count="1" type="stmt"/>
        <line num="6" count="1" type="stmt"/>
        <line num="7" count="1" type="stmt"/>
        <line num="8" count="1" type="stmt"/>
        <line num="14" count="1" type="stmt"/>
        <line num="15" count="16" type="stmt"/>
        <line num="16" count="16" type="stmt"/>
        <line num="17" count="16" type="stmt"/>
        <line num="19" count="16" type="stmt"/>
        <line num="28" count="16" type="stmt"/>
        <line num="29" count="16" type="stmt"/>
        <line num="31" count="16" type="stmt"/>
        <line num="32" count="4" type="stmt"/>
        <line num="36" count="1" type="cond" truecount="1" falsecount="0"/>
        <line num="37" count="1" type="stmt"/>
        <line num="39" count="1" type="cond" truecount="1" falsecount="1"/>
        <line num="42" count="1" type="stmt"/>
        <line num="44" count="1" type="stmt"/>
        <line num="45" count="1" type="stmt"/>
        <line num="48" count="3" type="cond" truecount="6" falsecount="2"/>
        <line num="50" count="3" type="cond" truecount="4" falsecount="0"/>
        <line num="51" count="2" type="stmt"/>
        <line num="56" count="1" type="stmt"/>
        <line num="66" count="16" type="stmt"/>
      </file>
    </package>
    <package name="libs.schema">
      <metrics statements="5" coveredstatements="4" conditionals="0" coveredconditionals="0" methods="1" coveredmethods="0"/>
      <file name="auth.ts" path="/Users/yang-yungi/Desktop/yungiy/AssetMind/apps/web/src/libs/schema/auth.ts">
        <metrics statements="5" coveredstatements="4" conditionals="0" coveredconditionals="0" methods="1" coveredmethods="0"/>
        <line num="1" count="1" type="stmt"/>
        <line num="7" count="1" type="stmt"/>
        <line num="10" count="1" type="stmt"/>
        <line num="30" count="0" type="stmt"/>
        <line num="41" count="1" type="stmt"/>
      </file>
    </package>
  </project>
</coverage>
