{"/Users/yang-yungi/Desktop/yungiy/AssetMind/apps/web/src/hooks/auth/use-signup-logic.ts": {"path":"/Users/yang-yungi/Desktop/yungiy/AssetMind/apps/web/src/hooks/auth/use-signup-logic.ts","statementMap":{"0":{"start":{"line":14,"column":0},"end":{"line":14,"column":16}},"1":{"start":{"line":1,"column":0},"end":{"line":1,"column":33}},"2":{"start":{"line":2,"column":0},"end":{"line":2,"column":42}},"3":{"start":{"line":3,"column":0},"end":{"line":3,"column":54}},"4":{"start":{"line":4,"column":0},"end":{"line":4,"column":77}},"5":{"start":{"line":5,"column":0},"end":{"line":5,"column":41}},"6":{"start":{"line":6,"column":0},"end":{"line":6,"column":44}},"7":{"start":{"line":7,"column":0},"end":{"line":7,"column":80}},"8":{"start":{"line":15,"column":41},"end":{"line":15,"column":70}},"9":{"start":{"line":16,"column":39},"end":{"line":16,"column":54}},"10":{"start":{"line":17,"column":39},"end":{"line":17,"column":54}},"11":{"start":{"line":18,"column":47},"end":{"line":18,"column":62}},"12":{"start":{"line":19,"column":45},"end":{"line":19,"column":74}},"13":{"start":{"line":21,"column":21},"end":{"line":30,"column":3}},"14":{"start":{"line":40,"column":5},"end":{"line":40,"column":16}},"15":{"start":{"line":42,"column":62},"end":{"line":42,"column":73}},"16":{"start":{"line":43,"column":65},"end":{"line":43,"column":77}},"17":{"start":{"line":47,"column":2},"end":{"line":47,"column":20}},"18":{"start":{"line":49,"column":2},"end":{"line":49,"column":22}},"19":{"start":{"line":52,"column":24},"end":{"line":58,"column":2}},"20":{"start":{"line":53,"column":2},"end":{"line":53,"column":41}},"21":{"start":{"line":53,"column":19},"end":{"line":53,"column":41}},"22":{"start":{"line":54,"column":2},"end":{"line":54,"column":41}},"23":{"start":{"line":54,"column":19},"end":{"line":54,"column":41}},"24":{"start":{"line":55,"column":2},"end":{"line":55,"column":49}},"25":{"start":{"line":55,"column":23},"end":{"line":55,"column":49}},"26":{"start":{"line":56,"column":2},"end":{"line":56,"column":46}},"27":{"start":{"line":56,"column":22},"end":{"line":56,"column":46}},"28":{"start":{"line":57,"column":2},"end":{"line":57,"column":57}},"29":{"start":{"line":57,"column":39},"end":{"line":57,"column":57}},"30":{"start":{"line":61,"column":23},"end":{"line":81,"column":3}},"31":{"start":{"line":61,"column":34},"end":{"line":81,"column":3}},"32":{"start":{"line":62,"column":16},"end":{"line":62,"column":31}},"33":{"start":{"line":63,"column":24},"end":{"line":63,"column":43}},"34":{"start":{"line":64,"column":2},"end":{"line":64,"column":29}},"35":{"start":{"line":64,"column":22},"end":{"line":64,"column":29}},"36":{"start":{"line":67,"column":22},"end":{"line":67,"column":48}},"37":{"start":{"line":69,"column":2},"end":{"line":80,"column":3}},"38":{"start":{"line":70,"column":3},"end":{"line":70,"column":51}},"39":{"start":{"line":71,"column":3},"end":{"line":71,"column":39}},"40":{"start":{"line":72,"column":3},"end":{"line":72,"column":24}},"41":{"start":{"line":73,"column":3},"end":{"line":73,"column":21}},"42":{"start":{"line":75,"column":15},"end":{"line":75,"column":33}},"43":{"start":{"line":76,"column":3},"end":{"line":76,"column":55}},"44":{"start":{"line":77,"column":3},"end":{"line":77,"column":24}},"45":{"start":{"line":78,"column":3},"end":{"line":78,"column":27}},"46":{"start":{"line":79,"column":3},"end":{"line":79,"column":25}},"47":{"start":{"line":84,"column":29},"end":{"line":106,"column":3}},"48":{"start":{"line":84,"column":40},"end":{"line":106,"column":3}},"49":{"start":{"line":85,"column":2},"end":{"line":88,"column":3}},"50":{"start":{"line":86,"column":3},"end":{"line":86,"column":44}},"51":{"start":{"line":87,"column":3},"end":{"line":87,"column":10}},"52":{"start":{"line":90,"column":16},"end":{"line":90,"column":31}},"53":{"start":{"line":92,"column":2},"end":{"line":105,"column":3}},"54":{"start":{"line":94,"column":3},"end":{"line":94,"column":32}},"55":{"start":{"line":96,"column":3},"end":{"line":96,"column":50}},"56":{"start":{"line":97,"column":3},"end":{"line":97,"column":24}},"57":{"start":{"line":98,"column":3},"end":{"line":98,"column":29}},"58":{"start":{"line":102,"column":4},"end":{"line":102,"column":56}},"59":{"start":{"line":103,"column":3},"end":{"line":103,"column":24}},"60":{"start":{"line":104,"column":3},"end":{"line":104,"column":25}},"61":{"start":{"line":109,"column":31},"end":{"line":136,"column":3}},"62":{"start":{"line":109,"column":42},"end":{"line":136,"column":3}},"63":{"start":{"line":110,"column":16},"end":{"line":110,"column":31}},"64":{"start":{"line":111,"column":15},"end":{"line":111,"column":36}},"65":{"start":{"line":113,"column":2},"end":{"line":116,"column":3}},"66":{"start":{"line":114,"column":3},"end":{"line":114,"column":40}},"67":{"start":{"line":115,"column":3},"end":{"line":115,"column":10}},"68":{"start":{"line":118,"column":2},"end":{"line":135,"column":3}},"69":{"start":{"line":120,"column":3},"end":{"line":120,"column":43}},"70":{"start":{"line":123,"column":3},"end":{"line":123,"column":28}},"71":{"start":{"line":124,"column":3},"end":{"line":124,"column":39}},"72":{"start":{"line":125,"column":3},"end":{"line":125,"column":27}},"73":{"start":{"line":128,"column":3},"end":{"line":128,"column":29}},"74":{"start":{"line":130,"column":4},"end":{"line":130,"column":56}},"75":{"start":{"line":133,"column":3},"end":{"line":133,"column":47}},"76":{"start":{"line":134,"column":3},"end":{"line":134,"column":29}},"77":{"start":{"line":138,"column":18},"end":{"line":161,"column":3}},"78":{"start":{"line":139,"column":2},"end":{"line":139,"column":30}},"79":{"start":{"line":139,"column":23},"end":{"line":139,"column":30}},"80":{"start":{"line":140,"column":2},"end":{"line":143,"column":3}},"81":{"start":{"line":141,"column":3},"end":{"line":141,"column":38}},"82":{"start":{"line":142,"column":3},"end":{"line":142,"column":10}},"83":{"start":{"line":145,"column":2},"end":{"line":160,"column":4}},"84":{"start":{"line":152,"column":5},"end":{"line":152,"column":42}},"85":{"start":{"line":153,"column":5},"end":{"line":156,"column":14}},"86":{"start":{"line":154,"column":6},"end":{"line":154,"column":16}},"87":{"start":{"line":155,"column":6},"end":{"line":155,"column":21}},"88":{"start":{"line":158,"column":25},"end":{"line":158,"column":63}},"89":{"start":{"line":164,"column":18},"end":{"line":164,"column":35}},"90":{"start":{"line":165,"column":25},"end":{"line":165,"column":49}},"91":{"start":{"line":168,"column":2},"end":{"line":171,"column":25}},"92":{"start":{"line":173,"column":1},"end":{"line":195,"column":3}}},"fnMap":{"0":{"name":"useSignupLogic","decl":{"start":{"line":14,"column":16},"end":{"line":14,"column":30}},"loc":{"start":{"line":14,"column":63},"end":{"line":196,"column":1}}},"1":{"name":"(anonymous_8)","decl":{"start":{"line":52,"column":24},"end":{"line":52,"column":27}},"loc":{"start":{"line":52,"column":29},"end":{"line":58,"column":2}}},"2":{"name":"(anonymous_9)","decl":{"start":{"line":61,"column":23},"end":{"line":61,"column":32}},"loc":{"start":{"line":61,"column":34},"end":{"line":81,"column":3}}},"3":{"name":"(anonymous_10)","decl":{"start":{"line":61,"column":34},"end":{"line":61,"column":null}},"loc":{"start":{"line":61,"column":34},"end":{"line":81,"column":2}}},"4":{"name":"(anonymous_11)","decl":{"start":{"line":84,"column":29},"end":{"line":84,"column":38}},"loc":{"start":{"line":84,"column":40},"end":{"line":106,"column":3}}},"5":{"name":"(anonymous_12)","decl":{"start":{"line":84,"column":40},"end":{"line":84,"column":null}},"loc":{"start":{"line":84,"column":40},"end":{"line":106,"column":2}}},"6":{"name":"(anonymous_13)","decl":{"start":{"line":109,"column":31},"end":{"line":109,"column":40}},"loc":{"start":{"line":109,"column":42},"end":{"line":136,"column":3}}},"7":{"name":"(anonymous_14)","decl":{"start":{"line":109,"column":42},"end":{"line":109,"column":null}},"loc":{"start":{"line":109,"column":42},"end":{"line":136,"column":2}}},"8":{"name":"(anonymous_15)","decl":{"start":{"line":138,"column":31},"end":{"line":138,"column":32}},"loc":{"start":{"line":138,"column":40},"end":{"line":161,"column":2}}},"9":{"name":"(anonymous_16)","decl":{"start":{"line":151,"column":15},"end":{"line":151,"column":18}},"loc":{"start":{"line":151,"column":20},"end":{"line":157,"column":5}}},"10":{"name":"(anonymous_17)","decl":{"start":{"line":153,"column":16},"end":{"line":153,"column":19}},"loc":{"start":{"line":153,"column":21},"end":{"line":156,"column":6}}},"11":{"name":"(anonymous_18)","decl":{"start":{"line":158,"column":13},"end":{"line":158,"column":14}},"loc":{"start":{"line":158,"column":25},"end":{"line":158,"column":63}}}},"branchMap":{"0":{"loc":{"start":{"line":53,"column":2},"end":{"line":53,"column":41}},"type":"if","locations":[{"start":{"line":53,"column":2},"end":{"line":53,"column":41}}]},"1":{"loc":{"start":{"line":54,"column":2},"end":{"line":54,"column":41}},"type":"if","locations":[{"start":{"line":54,"column":2},"end":{"line":54,"column":41}}]},"2":{"loc":{"start":{"line":55,"column":2},"end":{"line":55,"column":49}},"type":"if","locations":[{"start":{"line":55,"column":2},"end":{"line":55,"column":49}}]},"3":{"loc":{"start":{"line":56,"column":2},"end":{"line":56,"column":46}},"type":"if","locations":[{"start":{"line":56,"column":2},"end":{"line":56,"column":46}}]},"4":{"loc":{"start":{"line":57,"column":2},"end":{"line":57,"column":57}},"type":"if","locations":[{"start":{"line":57,"column":2},"end":{"line":57,"column":57}}]},"5":{"loc":{"start":{"line":57,"column":6},"end":{"line":57,"column":21}},"type":"cond-expr","locations":[{"start":{"line":57,"column":15},"end":{"line":57,"column":17}},{"start":{"line":57,"column":15},"end":{"line":57,"column":21}}]},"6":{"loc":{"start":{"line":57,"column":6},"end":{"line":57,"column":17}},"type":"binary-expr","locations":[{"start":{"line":57,"column":6},"end":{"line":57,"column":17}},{"start":{"line":57,"column":15},"end":{"line":57,"column":17}}]},"7":{"loc":{"start":{"line":64,"column":2},"end":{"line":64,"column":29}},"type":"if","locations":[{"start":{"line":64,"column":2},"end":{"line":64,"column":29}}]},"8":{"loc":{"start":{"line":69,"column":2},"end":{"line":80,"column":3}},"type":"if","locations":[{"start":{"line":69,"column":2},"end":{"line":80,"column":3}},{"start":{"line":74,"column":9},"end":{"line":80,"column":3}}]},"9":{"loc":{"start":{"line":85,"column":2},"end":{"line":88,"column":3}},"type":"if","locations":[{"start":{"line":85,"column":2},"end":{"line":88,"column":3}}]},"10":{"loc":{"start":{"line":102,"column":4},"end":{"line":102,"column":56}},"type":"binary-expr","locations":[{"start":{"line":102,"column":4},"end":{"line":102,"column":34}},{"start":{"line":102,"column":38},"end":{"line":102,"column":56}}]},"11":{"loc":{"start":{"line":102,"column":4},"end":{"line":102,"column":34}},"type":"cond-expr","locations":[{"start":{"line":102,"column":25},"end":{"line":102,"column":27}},{"start":{"line":102,"column":25},"end":{"line":102,"column":34}}]},"12":{"loc":{"start":{"line":102,"column":4},"end":{"line":102,"column":27}},"type":"binary-expr","locations":[{"start":{"line":102,"column":4},"end":{"line":102,"column":27}},{"start":{"line":102,"column":25},"end":{"line":102,"column":27}}]},"13":{"loc":{"start":{"line":102,"column":4},"end":{"line":102,"column":25}},"type":"cond-expr","locations":[{"start":{"line":102,"column":19},"end":{"line":102,"column":21}},{"start":{"line":102,"column":19},"end":{"line":102,"column":25}}]},"14":{"loc":{"start":{"line":102,"column":4},"end":{"line":102,"column":21}},"type":"binary-expr","locations":[{"start":{"line":102,"column":4},"end":{"line":102,"column":21}},{"start":{"line":102,"column":19},"end":{"line":102,"column":21}}]},"15":{"loc":{"start":{"line":102,"column":4},"end":{"line":102,"column":19}},"type":"cond-expr","locations":[{"start":{"line":102,"column":9},"end":{"line":102,"column":11}},{"start":{"line":102,"column":4},"end":{"line":102,"column":19}}]},"16":{"loc":{"start":{"line":102,"column":4},"end":{"line":102,"column":11}},"type":"binary-expr","locations":[{"start":{"line":102,"column":4},"end":{"line":102,"column":11}},{"start":{"line":102,"column":4},"end":{"line":102,"column":11}}]},"17":{"loc":{"start":{"line":113,"column":2},"end":{"line":116,"column":3}},"type":"if","locations":[{"start":{"line":113,"column":2},"end":{"line":116,"column":3}}]},"18":{"loc":{"start":{"line":130,"column":4},"end":{"line":130,"column":56}},"type":"binary-expr","locations":[{"start":{"line":130,"column":4},"end":{"line":130,"column":34}},{"start":{"line":130,"column":38},"end":{"line":130,"column":56}}]},"19":{"loc":{"start":{"line":130,"column":4},"end":{"line":130,"column":34}},"type":"cond-expr","locations":[{"start":{"line":130,"column":25},"end":{"line":130,"column":27}},{"start":{"line":130,"column":25},"end":{"line":130,"column":34}}]},"20":{"loc":{"start":{"line":130,"column":4},"end":{"line":130,"column":27}},"type":"binary-expr","locations":[{"start":{"line":130,"column":4},"end":{"line":130,"column":27}},{"start":{"line":130,"column":25},"end":{"line":130,"column":27}}]},"21":{"loc":{"start":{"line":130,"column":4},"end":{"line":130,"column":25}},"type":"cond-expr","locations":[{"start":{"line":130,"column":19},"end":{"line":130,"column":21}},{"start":{"line":130,"column":19},"end":{"line":130,"column":25}}]},"22":{"loc":{"start":{"line":130,"column":4},"end":{"line":130,"column":21}},"type":"binary-expr","locations":[{"start":{"line":130,"column":4},"end":{"line":130,"column":21}},{"start":{"line":130,"column":19},"end":{"line":130,"column":21}}]},"23":{"loc":{"start":{"line":130,"column":4},"end":{"line":130,"column":19}},"type":"cond-expr","locations":[{"start":{"line":130,"column":9},"end":{"line":130,"column":11}},{"start":{"line":130,"column":4},"end":{"line":130,"column":19}}]},"24":{"loc":{"start":{"line":130,"column":4},"end":{"line":130,"column":11}},"type":"binary-expr","locations":[{"start":{"line":130,"column":4},"end":{"line":130,"column":11}},{"start":{"line":130,"column":4},"end":{"line":130,"column":11}}]},"25":{"loc":{"start":{"line":139,"column":2},"end":{"line":139,"column":30}},"type":"if","locations":[{"start":{"line":139,"column":2},"end":{"line":139,"column":30}}]},"26":{"loc":{"start":{"line":140,"column":2},"end":{"line":143,"column":3}},"type":"if","locations":[{"start":{"line":140,"column":2},"end":{"line":143,"column":3}}]},"27":{"loc":{"start":{"line":158,"column":41},"end":{"line":158,"column":62}},"type":"binary-expr","locations":[{"start":{"line":158,"column":41},"end":{"line":158,"column":51}},{"start":{"line":158,"column":55},"end":{"line":158,"column":62}}]},"28":{"loc":{"start":{"line":158,"column":41},"end":{"line":158,"column":51}},"type":"cond-expr","locations":[{"start":{"line":158,"column":42},"end":{"line":158,"column":44}},{"start":{"line":158,"column":41},"end":{"line":158,"column":51}}]},"29":{"loc":{"start":{"line":158,"column":41},"end":{"line":158,"column":44}},"type":"binary-expr","locations":[{"start":{"line":158,"column":41},"end":{"line":158,"column":44}},{"start":{"line":158,"column":41},"end":{"line":158,"column":44}}]},"30":{"loc":{"start":{"line":168,"column":2},"end":{"line":171,"column":25}},"type":"binary-expr","locations":[{"start":{"line":168,"column":2},"end":{"line":168,"column":12}},{"start":{"line":169,"column":2},"end":{"line":169,"column":19}},{"start":{"line":170,"column":2},"end":{"line":170,"column":30}},{"start":{"line":171,"column":2},"end":{"line":171,"column":25}}]},"31":{"loc":{"start":{"line":184,"column":17},"end":{"line":184,"column":66}},"type":"binary-expr","locations":[{"start":{"line":184,"column":17},"end":{"line":184,"column":29}},{"start":{"line":184,"column":33},"end":{"line":184,"column":47}},{"start":{"line":184,"column":51},"end":{"line":184,"column":66}}]}},"s":{"0":1,"1":1,"2":1,"3":1,"4":1,"5":1,"6":1,"7":1,"8":44,"9":44,"10":44,"11":44,"12":44,"13":44,"14":44,"15":44,"16":44,"17":44,"18":44,"19":44,"20":1,"21":0,"22":1,"23":0,"24":1,"25":0,"26":1,"27":0,"28":1,"29":1,"30":44,"31":5,"32":5,"33":5,"34":5,"35":1,"36":4,"37":4,"38":2,"39":2,"40":2,"41":2,"42":2,"43":2,"44":2,"45":2,"46":2,"47":44,"48":3,"49":3,"50":1,"51":1,"52":2,"53":2,"54":2,"55":0,"56":0,"57":0,"58":2,"59":2,"60":2,"61":44,"62":5,"63":5,"64":5,"65":5,"66":1,"67":1,"68":4,"69":4,"70":3,"71":3,"72":3,"73":1,"74":1,"75":1,"76":1,"77":44,"78":3,"79":0,"80":3,"81":1,"82":1,"83":2,"84":1,"85":1,"86":1,"87":1,"88":1,"89":44,"90":44,"91":44,"92":44},"f":{"0":44,"1":1,"2":5,"3":5,"4":3,"5":3,"6":5,"7":5,"8":3,"9":1,"10":1,"11":1},"b":{"0":[0],"1":[0],"2":[0],"3":[0],"4":[1],"5":[0,1],"6":[1,1],"7":[1],"8":[2,2],"9":[1],"10":[2,1],"11":[1,1],"12":[2,2],"13":[1,1],"14":[2,2],"15":[0,2],"16":[2,2],"17":[1],"18":[1,0],"19":[0,1],"20":[1,1],"21":[0,1],"22":[1,1],"23":[0,1],"24":[1,1],"25":[0],"26":[1],"27":[1,0],"28":[0,1],"29":[1,1],"30":[44,8,8,8],"31":[44,44,44]}}
,"/Users/yang-yungi/Desktop/yungiy/AssetMind/apps/web/src/libs/schema/auth.ts": {"path":"/Users/yang-yungi/Desktop/yungiy/AssetMind/apps/web/src/libs/schema/auth.ts","statementMap":{"0":{"start":{"line":1,"column":0},"end":{"line":1,"column":24}},"1":{"start":{"line":7,"column":22},"end":{"line":7,"column":74}},"2":{"start":{"line":10,"column":13},"end":{"line":33,"column":4}},"3":{"start":{"line":30,"column":19},"end":{"line":30,"column":57}}},"fnMap":{"0":{"name":"(anonymous_0)","decl":{"start":{"line":30,"column":9},"end":{"line":30,"column":10}},"loc":{"start":{"line":30,"column":19},"end":{"line":30,"column":57}}}},"branchMap":{},"s":{"0":1,"1":1,"2":1,"3":8},"f":{"0":8},"b":{}}
}
