TN:
SF:src/hooks/auth/use-login-logic.ts
FN:14,useLoginLogic
FN:31,(anonymous_1)
FN:35,(anonymous_2)
FN:47,(anonymous_3)
FNF:4
FNH:4
FNDA:16,useLoginLogic
FNDA:4,(anonymous_1)
FNDA:1,(anonymous_2)
FNDA:3,(anonymous_3)
DA:1,1
DA:2,1
DA:3,1
DA:4,1
DA:5,1
DA:6,1
DA:7,1
DA:8,1
DA:14,1
DA:15,16
DA:16,16
DA:17,16
DA:19,16
DA:28,16
DA:29,16
DA:31,16
DA:32,4
DA:36,1
DA:37,1
DA:39,1
DA:42,1
DA:44,1
DA:45,1
DA:48,3
DA:50,3
DA:51,2
DA:56,1
DA:66,16
LF:28
LH:28
BRDA:36,0,0,1
BRDA:39,1,0,1
BRDA:39,1,1,0
BRDA:48,2,0,0
BRDA:48,2,1,3
BRDA:48,3,0,3
BRDA:48,3,1,3
BRDA:48,4,0,0
BRDA:48,4,1,3
BRDA:48,5,0,3
BRDA:48,5,1,3
BRDA:50,6,0,2
BRDA:50,6,1,1
BRDA:50,7,0,3
BRDA:50,7,1,2
BRF:15
BRH:12
end_of_record
TN:
SF:src/libs/schema/auth.ts
FN:30,(anonymous_0)
FNF:1
FNH:0
FNDA:0,(anonymous_0)
DA:1,1
DA:7,1
DA:10,1
DA:30,0
DA:41,1
LF:5
LH:4
BRF:0
BRH:0
end_of_record
