TN:
SF:src/hooks/auth/use-signup-logic.ts
FN:14,useSignupLogic
FN:52,(anonymous_8)
FN:61,(anonymous_9)
FN:61,(anonymous_10)
FN:84,(anonymous_11)
FN:84,(anonymous_12)
FN:109,(anonymous_13)
FN:109,(anonymous_14)
FN:138,(anonymous_15)
FN:151,(anonymous_16)
FN:153,(anonymous_17)
FN:158,(anonymous_18)
FNF:12
FNH:12
FNDA:44,useSignupLogic
FNDA:1,(anonymous_8)
FNDA:5,(anonymous_9)
FNDA:5,(anonymous_10)
FNDA:3,(anonymous_11)
FNDA:3,(anonymous_12)
FNDA:5,(anonymous_13)
FNDA:5,(anonymous_14)
FNDA:3,(anonymous_15)
FNDA:1,(anonymous_16)
FNDA:1,(anonymous_17)
FNDA:1,(anonymous_18)
DA:1,1
DA:2,1
DA:3,1
DA:4,1
DA:5,1
DA:6,1
DA:7,1
DA:14,1
DA:15,44
DA:16,44
DA:17,44
DA:18,44
DA:19,44
DA:21,44
DA:40,44
DA:42,44
DA:43,44
DA:47,44
DA:49,44
DA:52,44
DA:53,1
DA:54,1
DA:55,1
DA:56,1
DA:57,1
DA:61,44
DA:62,5
DA:63,5
DA:64,5
DA:67,4
DA:69,4
DA:70,2
DA:71,2
DA:72,2
DA:73,2
DA:75,2
DA:76,2
DA:77,2
DA:78,2
DA:79,2
DA:84,44
DA:85,3
DA:86,1
DA:87,1
DA:90,2
DA:92,2
DA:94,2
DA:96,0
DA:97,0
DA:98,0
DA:102,2
DA:103,2
DA:104,2
DA:109,44
DA:110,5
DA:111,5
DA:113,5
DA:114,1
DA:115,1
DA:118,4
DA:120,4
DA:123,3
DA:124,3
DA:125,3
DA:128,1
DA:130,1
DA:133,1
DA:134,1
DA:138,44
DA:139,3
DA:140,3
DA:141,1
DA:142,1
DA:145,2
DA:152,1
DA:153,1
DA:154,1
DA:155,1
DA:158,1
DA:164,44
DA:165,44
DA:168,44
DA:173,44
LF:83
LH:80
BRDA:53,0,0,0
BRDA:54,1,0,0
BRDA:55,2,0,0
BRDA:56,3,0,0
BRDA:57,4,0,1
BRDA:57,5,0,0
BRDA:57,5,1,1
BRDA:57,6,0,1
BRDA:57,6,1,1
BRDA:64,7,0,1
BRDA:69,8,0,2
BRDA:69,8,1,2
BRDA:85,9,0,1
BRDA:102,10,0,2
BRDA:102,10,1,1
BRDA:102,11,0,1
BRDA:102,11,1,1
BRDA:102,12,0,2
BRDA:102,12,1,2
BRDA:102,13,0,1
BRDA:102,13,1,1
BRDA:102,14,0,2
BRDA:102,14,1,2
BRDA:102,15,0,0
BRDA:102,15,1,2
BRDA:102,16,0,2
BRDA:102,16,1,2
BRDA:113,17,0,1
BRDA:130,18,0,1
BRDA:130,18,1,0
BRDA:130,19,0,0
BRDA:130,19,1,1
BRDA:130,20,0,1
BRDA:130,20,1,1
BRDA:130,21,0,0
BRDA:130,21,1,1
BRDA:130,22,0,1
BRDA:130,22,1,1
BRDA:130,23,0,0
BRDA:130,23,1,1
BRDA:130,24,0,1
BRDA:130,24,1,1
BRDA:139,25,0,0
BRDA:140,26,0,1
BRDA:158,27,0,1
BRDA:158,27,1,0
BRDA:158,28,0,0
BRDA:158,28,1,1
BRDA:158,29,0,1
BRDA:158,29,1,1
BRDA:168,30,0,44
BRDA:168,30,1,8
BRDA:168,30,2,8
BRDA:168,30,3,8
BRDA:184,31,0,44
BRDA:184,31,1,44
BRDA:184,31,2,44
BRF:57
BRH:44
end_of_record
TN:
SF:src/libs/schema/auth.ts
FN:30,(anonymous_0)
FNF:1
FNH:1
FNDA:8,(anonymous_0)
DA:1,1
DA:7,1
DA:10,1
DA:30,8
LF:4
LH:4
BRF:0
BRH:0
end_of_record
